============================= test session starts ==============================
platform darwin -- Python 3.9.6, pytest-8.4.2, pluggy-1.6.0 -- /Users/ryanwillging/claude projects/training/venv/bin/python3
cachedir: .pytest_cache
rootdir: /Users/ryanwillging/claude projects/training
configfile: pyproject.toml
plugins: anyio-4.12.1, asyncio-1.2.0, base-url-2.1.0, playwright-0.7.1
asyncio: mode=strict, debug=False, asyncio_default_fixture_loop_scope=None, asyncio_default_test_loop_scope=function
collecting ... collected 71 items

tests/e2e/test_phase_a_frontend.py::TestDashboardWidgets::test_dashboard_loads_without_errors[chromium] FAILED [  1%]
tests/e2e/test_phase_a_frontend.py::TestDashboardWidgets::test_todays_plan_widget[chromium] FAILED [  2%]
tests/e2e/test_phase_a_frontend.py::TestDashboardWidgets::test_recovery_status_widget[chromium] FAILED [  4%]
tests/e2e/test_phase_a_frontend.py::TestDashboardWidgets::test_goals_progress_widget[chromium] FAILED [  5%]
tests/e2e/test_phase_a_frontend.py::TestDashboardWidgets::test_this_week_widget[chromium] FAILED [  7%]
tests/e2e/test_phase_a_frontend.py::TestDashboardWidgets::test_plan_changes_widget[chromium] FAILED [  8%]
tests/e2e/test_phase_a_frontend.py::TestDashboardWidgets::test_sleep_last_night_widget[chromium] FAILED [  9%]
tests/e2e/test_phase_a_frontend.py::TestDashboardWidgets::test_data_freshness_indicator[chromium] PASSED [ 11%]
tests/e2e/test_phase_a_frontend.py::TestGoalsPage::test_goals_page_loads[chromium] PASSED [ 12%]
tests/e2e/test_phase_a_frontend.py::TestGoalsPage::test_goals_list_displays[chromium] PASSED [ 14%]
tests/e2e/test_phase_a_frontend.py::TestGoalsPage::test_metric_history_charts_render[chromium] PASSED [ 15%]
tests/e2e/test_phase_a_frontend.py::TestGoalsPage::test_performance_test_form_displays[chromium] PASSED [ 16%]
tests/e2e/test_phase_a_frontend.py::TestGoalsPage::test_quarterly_test_schedule_displays[chromium] PASSED [ 18%]
tests/e2e/test_phase_a_frontend.py::TestPlanAdjustmentsPage::test_plan_adjustments_loads[chromium] PASSED [ 19%]
tests/e2e/test_phase_a_frontend.py::TestPlanAdjustmentsPage::test_latest_review_displays[chromium] FAILED [ 21%]
tests/e2e/test_phase_a_frontend.py::TestPlanAdjustmentsPage::test_pending_modifications_list[chromium] PASSED [ 22%]
tests/e2e/test_phase_a_frontend.py::TestPlanAdjustmentsPage::test_modification_action_buttons_exist[chromium] PASSED [ 23%]
tests/e2e/test_phase_a_frontend.py::TestPlanAdjustmentsPage::test_batch_action_buttons_exist[chromium] PASSED [ 25%]
tests/e2e/test_phase_a_frontend.py::TestPlanAdjustmentsPage::test_ai_reasoning_display[chromium] PASSED [ 26%]
tests/e2e/test_phase_a_frontend.py::TestExplorePage::test_explore_page_loads[chromium] PASSED [ 28%]
tests/e2e/test_phase_a_frontend.py::TestExplorePage::test_time_range_selector_displays[chromium] PASSED [ 29%]
tests/e2e/test_phase_a_frontend.py::TestExplorePage::test_wellness_metric_charts_render[chromium] PASSED [ 30%]
tests/e2e/test_phase_a_frontend.py::TestExplorePage::test_charts_have_proper_labels[chromium] PASSED [ 32%]
tests/e2e/test_phase_a_frontend.py::TestExplorePage::test_correlation_explorer_displays[chromium] PASSED [ 33%]
tests/e2e/test_phase_a_frontend.py::TestUpcomingPage::test_upcoming_page_loads[chromium] PASSED [ 35%]
tests/e2e/test_phase_a_frontend.py::TestUpcomingPage::test_workouts_list_displays[chromium] PASSED [ 36%]
tests/e2e/test_phase_a_frontend.py::TestUpcomingPage::test_workout_details_display[chromium] PASSED [ 38%]
tests/e2e/test_phase_a_frontend.py::TestUpcomingPage::test_empty_state_displays[chromium] FAILED [ 39%]
tests/e2e/test_phase_a_frontend.py::TestUserWorkflows::test_workflow_check_daily_dashboard[chromium] FAILED [ 40%]
tests/e2e/test_phase_a_frontend.py::TestUserWorkflows::test_workflow_view_wellness_trends[chromium] PASSED [ 42%]
tests/e2e/test_phase_a_frontend.py::TestUserWorkflows::test_workflow_check_upcoming_workouts[chromium] FAILED [ 43%]
tests/e2e/test_phase_a_frontend.py::TestAPIIntegration::test_dashboard_api_calls[chromium] PASSED [ 45%]
tests/e2e/test_phase_a_frontend.py::TestAPIIntegration::test_goals_page_api_calls[chromium] PASSED [ 46%]
tests/e2e/test_phase_a_frontend.py::TestAPIIntegration::test_api_calls_return_200[chromium] PASSED [ 47%]
tests/e2e/test_phase_a_frontend.py::TestErrorHandling::test_no_workouts_today_message[chromium] PASSED [ 49%]
tests/e2e/test_phase_a_frontend.py::TestErrorHandling::test_no_wellness_data_message[chromium] PASSED [ 50%]
tests/e2e/test_phase_a_frontend.py::TestErrorHandling::test_no_pending_modifications_message[chromium] PASSED [ 52%]
tests/e2e/test_phase_a_frontend.py::TestErrorHandling::test_invalid_page_returns_404[chromium] PASSED [ 53%]
tests/e2e/test_phase_a_frontend.py::TestMobileResponsive::test_mobile_viewport_no_horizontal_scroll[chromium-/dashboard] PASSED [ 54%]
tests/e2e/test_phase_a_frontend.py::TestMobileResponsive::test_mobile_content_visible[chromium-/dashboard] PASSED [ 56%]
tests/e2e/test_phase_a_frontend.py::TestPerformanceMetrics::test_page_load_time_under_threshold[chromium-/dashboard] PASSED [ 57%]
tests/e2e/test_phase_a_frontend.py::TestPerformanceMetrics::test_dashboard_widgets_load_quickly[chromium] PASSED [ 59%]
tests/e2e/test_phase_a_frontend.py::TestAccessibility::test_page_has_main_heading[chromium-/dashboard] PASSED [ 60%]
tests/e2e/test_phase_a_frontend.py::TestAccessibility::test_buttons_have_labels[chromium-/dashboard] PASSED [ 61%]
tests/e2e/test_phase_a_frontend.py::TestAccessibility::test_color_contrast_sufficient[chromium-/dashboard] PASSED [ 63%]
tests/e2e/test_phase_a_frontend.py::TestDataConsistency::test_goals_match_dashboard[chromium] FAILED [ 64%]
tests/e2e/test_phase_a_frontend.py::TestDataConsistency::test_upcoming_matches_dashboard_today[chromium] PASSED [ 66%]
tests/e2e/test_phase_a_frontend.py::TestMobileResponsive::test_mobile_viewport_no_horizontal_scroll[chromium-/goals] PASSED [ 67%]
tests/e2e/test_phase_a_frontend.py::TestMobileResponsive::test_mobile_content_visible[chromium-/goals] PASSED [ 69%]
tests/e2e/test_phase_a_frontend.py::TestPerformanceMetrics::test_page_load_time_under_threshold[chromium-/goals] PASSED [ 70%]
tests/e2e/test_phase_a_frontend.py::TestAccessibility::test_page_has_main_heading[chromium-/goals] FAILED [ 71%]
tests/e2e/test_phase_a_frontend.py::TestAccessibility::test_buttons_have_labels[chromium-/goals] PASSED [ 73%]
tests/e2e/test_phase_a_frontend.py::TestAccessibility::test_color_contrast_sufficient[chromium-/goals] PASSED [ 74%]
tests/e2e/test_phase_a_frontend.py::TestMobileResponsive::test_mobile_viewport_no_horizontal_scroll[chromium-/reviews] PASSED [ 76%]
tests/e2e/test_phase_a_frontend.py::TestMobileResponsive::test_mobile_content_visible[chromium-/reviews] PASSED [ 77%]
tests/e2e/test_phase_a_frontend.py::TestPerformanceMetrics::test_page_load_time_under_threshold[chromium-/reviews] PASSED [ 78%]
tests/e2e/test_phase_a_frontend.py::TestAccessibility::test_page_has_main_heading[chromium-/reviews] PASSED [ 80%]
tests/e2e/test_phase_a_frontend.py::TestAccessibility::test_buttons_have_labels[chromium-/reviews] PASSED [ 81%]
tests/e2e/test_phase_a_frontend.py::TestAccessibility::test_color_contrast_sufficient[chromium-/reviews] PASSED [ 83%]
tests/e2e/test_phase_a_frontend.py::TestMobileResponsive::test_mobile_viewport_no_horizontal_scroll[chromium-/explore] PASSED [ 84%]
tests/e2e/test_phase_a_frontend.py::TestMobileResponsive::test_mobile_content_visible[chromium-/explore] PASSED [ 85%]
tests/e2e/test_phase_a_frontend.py::TestPerformanceMetrics::test_page_load_time_under_threshold[chromium-/explore] PASSED [ 87%]
tests/e2e/test_phase_a_frontend.py::TestAccessibility::test_page_has_main_heading[chromium-/explore] FAILED [ 88%]
tests/e2e/test_phase_a_frontend.py::TestAccessibility::test_buttons_have_labels[chromium-/explore] PASSED [ 90%]
tests/e2e/test_phase_a_frontend.py::TestAccessibility::test_color_contrast_sufficient[chromium-/explore] PASSED [ 91%]
tests/e2e/test_phase_a_frontend.py::TestMobileResponsive::test_mobile_viewport_no_horizontal_scroll[chromium-/upcoming] PASSED [ 92%]
tests/e2e/test_phase_a_frontend.py::TestMobileResponsive::test_mobile_content_visible[chromium-/upcoming] PASSED [ 94%]
tests/e2e/test_phase_a_frontend.py::TestPerformanceMetrics::test_page_load_time_under_threshold[chromium-/upcoming] PASSED [ 95%]
tests/e2e/test_phase_a_frontend.py::TestAccessibility::test_page_has_main_heading[chromium-/upcoming] FAILED [ 97%]
tests/e2e/test_phase_a_frontend.py::TestAccessibility::test_buttons_have_labels[chromium-/upcoming] PASSED [ 98%]
tests/e2e/test_phase_a_frontend.py::TestAccessibility::test_color_contrast_sufficient[chromium-/upcoming] PASSED [100%]

=================================== FAILURES ===================================
/Users/ryanwillging/claude projects/training/tests/e2e/test_phase_a_frontend.py:40: AssertionError: Dashboard has console errors: [<ConsoleMessage type=error text=TypeError: Cannot read properties of undefined (reading 'startsWith')
/Users/ryanwillging/claude projects/training/tests/e2e/test_phase_a_frontend.py:50: AssertionError: Today's Plan widget not found
/Users/ryanwillging/claude projects/training/tests/e2e/test_phase_a_frontend.py:66: AssertionError: Recovery Status widget not found
/Users/ryanwillging/claude projects/training/tests/e2e/test_phase_a_frontend.py:79: AssertionError: Goals Progress widget not found
/Users/ryanwillging/claude projects/training/tests/e2e/test_phase_a_frontend.py:95: AssertionError: This Week widget not found
/Users/ryanwillging/claude projects/training/tests/e2e/test_phase_a_frontend.py:107: AssertionError: Plan Changes widget not found
/Users/ryanwillging/claude projects/training/tests/e2e/test_phase_a_frontend.py:119: AssertionError: Sleep Last Night widget not found
/Users/ryanwillging/claude projects/training/tests/e2e/test_phase_a_frontend.py:240: AssertionError: Latest review section not found
/Users/ryanwillging/claude projects/training/tests/e2e/test_phase_a_frontend.py:423: AssertionError: Neither workouts nor empty state found
/Users/ryanwillging/claude projects/training/tests/e2e/test_phase_a_frontend.py:438: AssertionError: Today's Plan not found
/Users/ryanwillging/claude projects/training/tests/e2e/test_phase_a_frontend.py:488: AssertionError: No workout information found
/Users/ryanwillging/claude projects/training/tests/e2e/test_phase_a_frontend.py:714: AssertionError: Dashboard missing goals
/Users/ryanwillging/claude projects/training/tests/e2e/test_phase_a_frontend.py:666: AssertionError: /goals missing h1 heading
/Users/ryanwillging/claude projects/training/tests/e2e/test_phase_a_frontend.py:666: AssertionError: /explore missing h1 heading
/Users/ryanwillging/claude projects/training/tests/e2e/test_phase_a_frontend.py:666: AssertionError: /upcoming missing h1 heading
=========================== short test summary info ============================
FAILED tests/e2e/test_phase_a_frontend.py::TestDashboardWidgets::test_dashboard_loads_without_errors[chromium] - AssertionError: Dashboard has console errors: [<ConsoleMessage type=error text=TypeError: Cannot read properties of undefined (reading 'startsWith')
      at https://frontend-ryanwillgings-projects.vercel.app/_next/static/chunks/app/dashboard/page-fe04a1293ff4a1d2.js:1:5441
      at Array.filter (<anonymous>)
      at o (https://frontend-ryanwillgings-projects.vercel.app/_next/static/chunks/app/dashboard/page-fe04a1293ff4a1d2.js:1:5416)
      at rE (https://frontend-ryanwillgings-projects.vercel.app/_next/static/chunks/fd9d1056-d6d0ffcbea477a37.js:1:40343)
      at l$ (https://frontend-ryanwillgings-projects.vercel.app/_next/static/chunks/fd9d1056-d6d0ffcbea477a37.js:1:59318)
      at iZ (https://frontend-ryanwillgings-projects.vercel.app/_next/static/chunks/fd9d1056-d6d0ffcbea477a37.js:1:117925)
      at ia (https://frontend-ryanwillgings-projects.vercel.app/_next/static/chunks/fd9d1056-d6d0ffcbea477a37.js:1:95164)
      at https://frontend-ryanwillgings-projects.vercel.app/_next/static/chunks/fd9d1056-d6d0ffcbea477a37.js:1:94986
      at il (https://frontend-ryanwillgings-projects.vercel.app/_next/static/chunks/fd9d1056-d6d0ffcbea477a37.js:1:94993)
      at oJ (https://frontend-ryanwillgings-projects.vercel.app/_next/static/chunks/fd9d1056-d6d0ffcbea477a37.js:1:92349)>]
assert 1 == 0
 +  where 1 = len([<ConsoleMessage type=error text=TypeError: Cannot read properties of undefined (reading 'startsWith')\n    at https://frontend-ryanwillgings-projects.vercel.app/_next/static/chunks/app/dashboard/page-fe04a1293ff4a1d2.js:1:5441\n    at Array.filter (<anonymous>)\n    at o (https://frontend-ryanwillgings-projects.vercel.app/_next/static/chunks/app/dashboard/page-fe04a1293ff4a1d2.js:1:5416)\n    at rE (https://frontend-ryanwillgings-projects.vercel.app/_next/static/chunks/fd9d1056-d6d0ffcbea477a37.js:1:40343)\n    at l$ (https://frontend-ryanwillgings-projects.vercel.app/_next/static/chunks/fd9d1056-d6d0ffcbea477a37.js:1:59318)\n    at iZ (https://frontend-ryanwillgings-projects.vercel.app/_next/static/chunks/fd9d1056-d6d0ffcbea477a37.js:1:117925)\n    at ia (https://frontend-ryanwillgings-projects.vercel.app/_next/static/chunks/fd9d1056-d6d0ffcbea477a37.js:1:95164)\n    at https://frontend-ryanwillgings-projects.vercel.app/_next/static/chunks/fd9d1056-d6d0ffcbea477a37.js:1:94986\n    at il (https://frontend-ryanwillgings-projects.vercel.app/_next/static/chunks/fd9d1056-d6d0ffcbea477a37.js:1:94993)\n    at oJ (https://frontend-ryanwillgings-projects.vercel.app/_next/static/chunks/fd9d1056-d6d0ffcbea477a37.js:1:92349)>])
FAILED tests/e2e/test_phase_a_frontend.py::TestDashboardWidgets::test_todays_plan_widget[chromium] - AssertionError: Today's Plan widget not found
assert 'today' in '<!doctype html><html id="__next_error__"><head><link rel="stylesheet" href="/_next/static/css/a6d6c043a14b6614.css" data-precedence="next"><script src="/_next/static/chunks/fd9d1056-d6d0ffcbea477a37.js" async=""></script><script src="/_next/static/chunks/117-ed26d89af1deb24f.js" async=""></script><script src="/_next/static/chunks/main-app-f1a455f1c1f7388d.js" async=""></script><script src="/_next/static/chunks/10-d9ca228e107a04b7.js" async=""></script><script src="/_next/static/chunks/713-f7642549cd567575.js" async=""></script><script src="/_next/static/chunks/514-3798721116e2396b.js" async=""></script><script src="/_next/static/chunks/131-8d8ddb23142931b4.js" async=""></script><script src="/_next/static/chunks/app/dashboard/page-fe04a1293ff4a1d2.js" async=""></script><script src="/_next/static/chunks/app/layout-5704fdb808d55be6.js" async=""></script><script src="/_next/static/chunks/polyfills-42372ed130431b0a.js" nomodule=""></script></head><body><script src="/_next/static/chunks/webpack-e08da262b32814b6.js" async=""></script><script>(self.__next_f=self.__next_f||[]).push([0]);self.__next_f.push([2,null])</script><script>self.__next_f.push([1,"1:hl[\\"/_next/static/css/a6d6c043a14b6614.css\\",\\"style\\"]\\n"])</script><script>self.__next_f.push([1,"2:i[12846,[],\\"\\"]\\n4:i[19107,[],\\"clientpageroot\\"]\\n5:i[22651,[\\"10\\",\\"static/chunks/10-d9ca228e107a04b7.js\\",\\"713\\",\\"static/chunks/713-f7642549cd567575.js\\",\\"514\\",\\"static/chunks/514-3798721116e2396b.js\\",\\"131\\",\\"static/chunks/131-8d8ddb23142931b4.js\\",\\"702\\",\\"static/chunks/app/dashboard/page-fe04a1293ff4a1d2.js\\"],\\"default\\",1]\\n6:i[4707,[],\\"\\"]\\n7:i[36423,[],\\"\\"]\\n8:i[62528,[\\"10\\",\\"static/chunks/10-d9ca228e107a04b7.js\\",\\"185\\",\\"static/chunks/app/layout-5704fdb808d55be6.js\\"],\\"providers\\"]\\n9:i[87369,[\\"10\\",\\"static/chunks/10-d9ca228e107a04b7.js\\",\\"185\\",\\"static/chunks/app/layout-5704fdb808d55be6.js\\"],\\"navigation\\"]\\nb:i[61060,[],\\"\\"]\\nc:[]\\n"])</script><script>self.__next_f.push([1,"0:[\\"$\\",\\"$l2\\",null,{\\"buildid\\":\\"1wqyo6ff4nzpx32uaoz1g\\",\\"assetprefix\\":\\"\\",\\"urlparts\\":[\\"\\",\\"dashboard\\"],\\"initialtree\\":[\\"\\",{\\"children\\":[\\"dashboard\\",{\\"children\\":[\\"__page__\\",{}]}]},\\"$undefined\\",\\"$undefined\\",true],\\"initialseeddata\\":[\\"\\",{\\"children\\":[\\"dashboard\\",{\\"children\\":[\\"__page__\\",{},[[\\"$l3\\",[\\"$\\",\\"$l4\\",null,{\\"props\\":{\\"params\\":{},\\"searchparams\\":{}},\\"component\\":\\"$5\\"}],null],null],null]},[null,[\\"$\\",\\"$l6\\",null,{\\"parallelrouterkey\\":\\"children\\",\\"segmentpath\\":[\\"children\\",\\"dashboard\\",\\"children\\"],\\"error\\":\\"$undefined\\",\\"errorstyles\\":\\"$undefined\\",\\"errorscripts\\":\\"$undefined\\",\\"template\\":[\\"$\\",\\"$l7\\",null,{}],\\"templatestyles\\":\\"$undefined\\",\\"templatescripts\\":\\"$undefined\\",\\"notfound\\":\\"$undefined\\",\\"notfoundstyles\\":\\"$undefined\\"}]],null]},[[[[\\"$\\",\\"link\\",\\"0\\",{\\"rel\\":\\"stylesheet\\",\\"href\\":\\"/_next/static/css/a6d6c043a14b6614.css\\",\\"precedence\\":\\"next\\",\\"crossorigin\\":\\"$undefined\\"}]],[\\"$\\",\\"html\\",null,{\\"lang\\":\\"en\\",\\"children\\":[[\\"$\\",\\"head\\",null,{\\"children\\":[[\\"$\\",\\"link\\",null,{\\"rel\\":\\"preconnect\\",\\"href\\":\\"https://fonts.googleapis.com\\"}],[\\"$\\",\\"link\\",null,{\\"rel\\":\\"preconnect\\",\\"href\\":\\"https://fonts.gstatic.com\\",\\"crossorigin\\":\\"anonymous\\"}],[\\"$\\",\\"link\\",null,{\\"href\\":\\"https://fonts.googleapis.com/css2?family=roboto:wght@300;400;500;700\\u0026display=swap\\",\\"rel\\":\\"stylesheet\\"}]]}],[\\"$\\",\\"body\\",null,{\\"classname\\":\\"min-h-screen bg-background\\",\\"children\\":[\\"$\\",\\"$l8\\",null,{\\"children\\":[\\"$\\",\\"div\\",null,{\\"classname\\":\\"min-h-screen flex flex-col\\",\\"children\\":[[\\"$\\",\\"$l9\\",null,{}],[\\"$\\",\\"main\\",null,{\\"classname\\":\\"flex-1 py-4 sm:py-6\\",\\"children\\":[\\"$\\",\\"div\\",null,{\\"classname\\":\\"max-w-7xl mx-auto px-4 sm:px-6 lg:px-8\\",\\"children\\":[\\"$\\",\\"$l6\\",null,{\\"parallelrouterkey\\":\\"children\\",\\"segmentpath\\":[\\"children\\"],\\"error\\":\\"$undefined\\",\\"errorstyles\\":\\"$undefined\\",\\"errorscripts\\":\\"$undefined\\",\\"template\\":[\\"$\\",\\"$l7\\",null,{}],\\"templatestyles\\":\\"$undefined\\",\\"templatescripts\\":\\"$undefined\\",\\"notfound\\":[[\\"$\\",\\"title\\",null,{\\"children\\":\\"404: this page could not be found.\\"}],[\\"$\\",\\"div\\",null,{\\"style\\":{\\"fontfamily\\":\\"system-ui,\\\\\\"segoe ui\\\\\\",roboto,helvetica,arial,sans-serif,\\\\\\"apple color emoji\\\\\\",\\\\\\"segoe ui emoji\\\\\\"\\",\\"height\\":\\"100vh\\",\\"textalign\\":\\"center\\",\\"display\\":\\"flex\\",\\"flexdirection\\":\\"column\\",\\"alignitems\\":\\"center\\",\\"justifycontent\\":\\"center\\"},\\"children\\":[\\"$\\",\\"div\\",null,{\\"children\\":[[\\"$\\",\\"style\\",null,{\\"dangerouslysetinnerhtml\\":{\\"__html\\":\\"body{color:#000;background:#fff;margin:0}.next-error-h1{border-right:1px solid rgba(0,0,0,.3)}@media (prefers-color-scheme:dark){body{color:#fff;background:#000}.next-error-h1{border-right:1px solid rgba(255,255,255,.3)}}\\"}}],[\\"$\\",\\"h1\\",null,{\\"classname\\":\\"next-error-h1\\",\\"style\\":{\\"display\\":\\"inline-block\\",\\"margin\\":\\"0 20px 0 0\\",\\"padding\\":\\"0 23px 0 0\\",\\"fontsize\\":24,\\"fontweight\\":500,\\"verticalalign\\":\\"top\\",\\"lineheight\\":\\"49px\\"},\\"children\\":\\"404\\"}],[\\"$\\",\\"div\\",null,{\\"style\\":{\\"display\\":\\"inline-block\\"},\\"children\\":[\\"$\\",\\"h2\\",null,{\\"style\\":{\\"fontsize\\":14,\\"fontweight\\":400,\\"lineheight\\":\\"49px\\",\\"margin\\":0},\\"children\\":\\"this page could not be found.\\"}]}]]}]}]],\\"notfoundstyles\\":[]}]}]}],[\\"$\\",\\"footer\\",null,{\\"classname\\":\\"py-4 border-t border-outline-variant\\",\\"children\\":[\\"$\\",\\"div\\",null,{\\"classname\\":\\"max-w-7xl mx-auto px-4 sm:px-6 lg:px-8\\",\\"children\\":[\\"$\\",\\"p\\",null,{\\"classname\\":\\"text-xs text-center text-gray-500\\",\\"children\\":\\"training optimization system\\"}]}]}]]}]}]}]]}]],null],null],\\"couldbeintercepted\\":false,\\"initialhead\\":[null,\\"$la\\"],\\"globalerrorcomponent\\":\\"$b\\",\\"missingslots\\":\\"$wc\\"}]\\n"])</script><script>self.__next_f.push([1,"a:[[\\"$\\",\\"meta\\",\\"0\\",{\\"name\\":\\"viewport\\",\\"content\\":\\"width=device-width, initial-scale=1\\"}],[\\"$\\",\\"meta\\",\\"1\\",{\\"name\\":\\"theme-color\\",\\"content\\":\\"#1976d2\\"}],[\\"$\\",\\"meta\\",\\"2\\",{\\"charset\\":\\"utf-8\\"}],[\\"$\\",\\"title\\",\\"3\\",{\\"children\\":\\"training dashboard\\"}],[\\"$\\",\\"meta\\",\\"4\\",{\\"name\\":\\"description\\",\\"content\\":\\"ai-powered training optimization system\\"}]]\\n3:null\\n"])</script><div style="font-family: system-ui, &quot;segoe ui&quot;, roboto, helvetica, arial, sans-serif, &quot;apple color emoji&quot;, &quot;segoe ui emoji&quot;; height: 100vh; text-align: center; display: flex; flex-direction: column; align-items: center; justify-content: center;"><div><h2 style="font-size: 14px; font-weight: 400; line-height: 28px; margin: 0px 8px;">application error: a client-side exception has occurred (see the browser console for more information).</h2></div></div></body></html>'
FAILED tests/e2e/test_phase_a_frontend.py::TestDashboardWidgets::test_recovery_status_widget[chromium] - AssertionError: Recovery Status widget not found
assert False
FAILED tests/e2e/test_phase_a_frontend.py::TestDashboardWidgets::test_goals_progress_widget[chromium] - AssertionError: Goals Progress widget not found
assert ('goal' in '<!doctype html><html id="__next_error__"><head><link rel="stylesheet" href="/_next/static/css/a6d6c043a14b6614.css" data-precedence="next"><script src="/_next/static/chunks/fd9d1056-d6d0ffcbea477a37.js" async=""></script><script src="/_next/static/chunks/117-ed26d89af1deb24f.js" async=""></script><script src="/_next/static/chunks/main-app-f1a455f1c1f7388d.js" async=""></script><script src="/_next/static/chunks/10-d9ca228e107a04b7.js" async=""></script><script src="/_next/static/chunks/713-f7642549cd567575.js" async=""></script><script src="/_next/static/chunks/514-3798721116e2396b.js" async=""></script><script src="/_next/static/chunks/131-8d8ddb23142931b4.js" async=""></script><script src="/_next/static/chunks/app/dashboard/page-fe04a1293ff4a1d2.js" async=""></script><script src="/_next/static/chunks/app/layout-5704fdb808d55be6.js" async=""></script><script src="/_next/static/chunks/polyfills-42372ed130431b0a.js" nomodule=""></script></head><body><script src="/_next/static/chunks/webpack-e08da262b32814b6.js" async=""></script><script>(self.__next_f=self.__next_f||[]).push([0]);self.__next_f.push([2,null])</script><script>self.__next_f.push([1,"1:hl[\\"/_next/static/css/a6d6c043a14b6614.css\\",\\"style\\"]\\n"])</script><script>self.__next_f.push([1,"2:i[12846,[],\\"\\"]\\n4:i[19107,[],\\"clientpageroot\\"]\\n5:i[22651,[\\"10\\",\\"static/chunks/10-d9ca228e107a04b7.js\\",\\"713\\",\\"static/chunks/713-f7642549cd567575.js\\",\\"514\\",\\"static/chunks/514-3798721116e2396b.js\\",\\"131\\",\\"static/chunks/131-8d8ddb23142931b4.js\\",\\"702\\",\\"static/chunks/app/dashboard/page-fe04a1293ff4a1d2.js\\"],\\"default\\",1]\\n6:i[4707,[],\\"\\"]\\n7:i[36423,[],\\"\\"]\\n8:i[62528,[\\"10\\",\\"static/chunks/10-d9ca228e107a04b7.js\\",\\"185\\",\\"static/chunks/app/layout-5704fdb808d55be6.js\\"],\\"providers\\"]\\n9:i[87369,[\\"10\\",\\"static/chunks/10-d9ca228e107a04b7.js\\",\\"185\\",\\"static/chunks/app/layout-5704fdb808d55be6.js\\"],\\"navigation\\"]\\nb:i[61060,[],\\"\\"]\\nc:[]\\n"])</script><script>self.__next_f.push([1,"0:[\\"$\\",\\"$l2\\",null,{\\"buildid\\":\\"1wqyo6ff4nzpx32uaoz1g\\",\\"assetprefix\\":\\"\\",\\"urlparts\\":[\\"\\",\\"dashboard\\"],\\"initialtree\\":[\\"\\",{\\"children\\":[\\"dashboard\\",{\\"children\\":[\\"__page__\\",{}]}]},\\"$undefined\\",\\"$undefined\\",true],\\"initialseeddata\\":[\\"\\",{\\"children\\":[\\"dashboard\\",{\\"children\\":[\\"__page__\\",{},[[\\"$l3\\",[\\"$\\",\\"$l4\\",null,{\\"props\\":{\\"params\\":{},\\"searchparams\\":{}},\\"component\\":\\"$5\\"}],null],null],null]},[null,[\\"$\\",\\"$l6\\",null,{\\"parallelrouterkey\\":\\"children\\",\\"segmentpath\\":[\\"children\\",\\"dashboard\\",\\"children\\"],\\"error\\":\\"$undefined\\",\\"errorstyles\\":\\"$undefined\\",\\"errorscripts\\":\\"$undefined\\",\\"template\\":[\\"$\\",\\"$l7\\",null,{}],\\"templatestyles\\":\\"$undefined\\",\\"templatescripts\\":\\"$undefined\\",\\"notfound\\":\\"$undefined\\",\\"notfoundstyles\\":\\"$undefined\\"}]],null]},[[[[\\"$\\",\\"link\\",\\"0\\",{\\"rel\\":\\"stylesheet\\",\\"href\\":\\"/_next/static/css/a6d6c043a14b6614.css\\",\\"precedence\\":\\"next\\",\\"crossorigin\\":\\"$undefined\\"}]],[\\"$\\",\\"html\\",null,{\\"lang\\":\\"en\\",\\"children\\":[[\\"$\\",\\"head\\",null,{\\"children\\":[[\\"$\\",\\"link\\",null,{\\"rel\\":\\"preconnect\\",\\"href\\":\\"https://fonts.googleapis.com\\"}],[\\"$\\",\\"link\\",null,{\\"rel\\":\\"preconnect\\",\\"href\\":\\"https://fonts.gstatic.com\\",\\"crossorigin\\":\\"anonymous\\"}],[\\"$\\",\\"link\\",null,{\\"href\\":\\"https://fonts.googleapis.com/css2?family=roboto:wght@300;400;500;700\\u0026display=swap\\",\\"rel\\":\\"stylesheet\\"}]]}],[\\"$\\",\\"body\\",null,{\\"classname\\":\\"min-h-screen bg-background\\",\\"children\\":[\\"$\\",\\"$l8\\",null,{\\"children\\":[\\"$\\",\\"div\\",null,{\\"classname\\":\\"min-h-screen flex flex-col\\",\\"children\\":[[\\"$\\",\\"$l9\\",null,{}],[\\"$\\",\\"main\\",null,{\\"classname\\":\\"flex-1 py-4 sm:py-6\\",\\"children\\":[\\"$\\",\\"div\\",null,{\\"classname\\":\\"max-w-7xl mx-auto px-4 sm:px-6 lg:px-8\\",\\"children\\":[\\"$\\",\\"$l6\\",null,{\\"parallelrouterkey\\":\\"children\\",\\"segmentpath\\":[\\"children\\"],\\"error\\":\\"$undefined\\",\\"errorstyles\\":\\"$undefined\\",\\"errorscripts\\":\\"$undefined\\",\\"template\\":[\\"$\\",\\"$l7\\",null,{}],\\"templatestyles\\":\\"$undefined\\",\\"templatescripts\\":\\"$undefined\\",\\"notfound\\":[[\\"$\\",\\"title\\",null,{\\"children\\":\\"404: this page could not be found.\\"}],[\\"$\\",\\"div\\",null,{\\"style\\":{\\"fontfamily\\":\\"system-ui,\\\\\\"segoe ui\\\\\\",roboto,helvetica,arial,sans-serif,\\\\\\"apple color emoji\\\\\\",\\\\\\"segoe ui emoji\\\\\\"\\",\\"height\\":\\"100vh\\",\\"textalign\\":\\"center\\",\\"display\\":\\"flex\\",\\"flexdirection\\":\\"column\\",\\"alignitems\\":\\"center\\",\\"justifycontent\\":\\"center\\"},\\"children\\":[\\"$\\",\\"div\\",null,{\\"children\\":[[\\"$\\",\\"style\\",null,{\\"dangerouslysetinnerhtml\\":{\\"__html\\":\\"body{color:#000;background:#fff;margin:0}.next-error-h1{border-right:1px solid rgba(0,0,0,.3)}@media (prefers-color-scheme:dark){body{color:#fff;background:#000}.next-error-h1{border-right:1px solid rgba(255,255,255,.3)}}\\"}}],[\\"$\\",\\"h1\\",null,{\\"classname\\":\\"next-error-h1\\",\\"style\\":{\\"display\\":\\"inline-block\\",\\"margin\\":\\"0 20px 0 0\\",\\"padding\\":\\"0 23px 0 0\\",\\"fontsize\\":24,\\"fontweight\\":500,\\"verticalalign\\":\\"top\\",\\"lineheight\\":\\"49px\\"},\\"children\\":\\"404\\"}],[\\"$\\",\\"div\\",null,{\\"style\\":{\\"display\\":\\"inline-block\\"},\\"children\\":[\\"$\\",\\"h2\\",null,{\\"style\\":{\\"fontsize\\":14,\\"fontweight\\":400,\\"lineheight\\":\\"49px\\",\\"margin\\":0},\\"children\\":\\"this page could not be found.\\"}]}]]}]}]],\\"notfoundstyles\\":[]}]}]}],[\\"$\\",\\"footer\\",null,{\\"classname\\":\\"py-4 border-t border-outline-variant\\",\\"children\\":[\\"$\\",\\"div\\",null,{\\"classname\\":\\"max-w-7xl mx-auto px-4 sm:px-6 lg:px-8\\",\\"children\\":[\\"$\\",\\"p\\",null,{\\"classname\\":\\"text-xs text-center text-gray-500\\",\\"children\\":\\"training optimization system\\"}]}]}]]}]}]}]]}]],null],null],\\"couldbeintercepted\\":false,\\"initialhead\\":[null,\\"$la\\"],\\"globalerrorcomponent\\":\\"$b\\",\\"missingslots\\":\\"$wc\\"}]\\n"])</script><script>self.__next_f.push([1,"a:[[\\"$\\",\\"meta\\",\\"0\\",{\\"name\\":\\"viewport\\",\\"content\\":\\"width=device-width, initial-scale=1\\"}],[\\"$\\",\\"meta\\",\\"1\\",{\\"name\\":\\"theme-color\\",\\"content\\":\\"#1976d2\\"}],[\\"$\\",\\"meta\\",\\"2\\",{\\"charset\\":\\"utf-8\\"}],[\\"$\\",\\"title\\",\\"3\\",{\\"children\\":\\"training dashboard\\"}],[\\"$\\",\\"meta\\",\\"4\\",{\\"name\\":\\"description\\",\\"content\\":\\"ai-powered training optimization system\\"}]]\\n3:null\\n"])</script><div style="font-family: system-ui, &quot;segoe ui&quot;, roboto, helvetica, arial, sans-serif, &quot;apple color emoji&quot;, &quot;segoe ui emoji&quot;; height: 100vh; text-align: center; display: flex; flex-direction: column; align-items: center; justify-content: center;"><div><h2 style="font-size: 14px; font-weight: 400; line-height: 28px; margin: 0px 8px;">application error: a client-side exception has occurred (see the browser console for more information).</h2></div></div></body></html>' or 'progress' in '<!doctype html><html id="__next_error__"><head><link rel="stylesheet" href="/_next/static/css/a6d6c043a14b6614.css" data-precedence="next"><script src="/_next/static/chunks/fd9d1056-d6d0ffcbea477a37.js" async=""></script><script src="/_next/static/chunks/117-ed26d89af1deb24f.js" async=""></script><script src="/_next/static/chunks/main-app-f1a455f1c1f7388d.js" async=""></script><script src="/_next/static/chunks/10-d9ca228e107a04b7.js" async=""></script><script src="/_next/static/chunks/713-f7642549cd567575.js" async=""></script><script src="/_next/static/chunks/514-3798721116e2396b.js" async=""></script><script src="/_next/static/chunks/131-8d8ddb23142931b4.js" async=""></script><script src="/_next/static/chunks/app/dashboard/page-fe04a1293ff4a1d2.js" async=""></script><script src="/_next/static/chunks/app/layout-5704fdb808d55be6.js" async=""></script><script src="/_next/static/chunks/polyfills-42372ed130431b0a.js" nomodule=""></script></head><body><script src="/_next/static/chunks/webpack-e08da262b32814b6.js" async=""></script><script>(self.__next_f=self.__next_f||[]).push([0]);self.__next_f.push([2,null])</script><script>self.__next_f.push([1,"1:hl[\\"/_next/static/css/a6d6c043a14b6614.css\\",\\"style\\"]\\n"])</script><script>self.__next_f.push([1,"2:i[12846,[],\\"\\"]\\n4:i[19107,[],\\"clientpageroot\\"]\\n5:i[22651,[\\"10\\",\\"static/chunks/10-d9ca228e107a04b7.js\\",\\"713\\",\\"static/chunks/713-f7642549cd567575.js\\",\\"514\\",\\"static/chunks/514-3798721116e2396b.js\\",\\"131\\",\\"static/chunks/131-8d8ddb23142931b4.js\\",\\"702\\",\\"static/chunks/app/dashboard/page-fe04a1293ff4a1d2.js\\"],\\"default\\",1]\\n6:i[4707,[],\\"\\"]\\n7:i[36423,[],\\"\\"]\\n8:i[62528,[\\"10\\",\\"static/chunks/10-d9ca228e107a04b7.js\\",\\"185\\",\\"static/chunks/app/layout-5704fdb808d55be6.js\\"],\\"providers\\"]\\n9:i[87369,[\\"10\\",\\"static/chunks/10-d9ca228e107a04b7.js\\",\\"185\\",\\"static/chunks/app/layout-5704fdb808d55be6.js\\"],\\"navigation\\"]\\nb:i[61060,[],\\"\\"]\\nc:[]\\n"])</script><script>self.__next_f.push([1,"0:[\\"$\\",\\"$l2\\",null,{\\"buildid\\":\\"1wqyo6ff4nzpx32uaoz1g\\",\\"assetprefix\\":\\"\\",\\"urlparts\\":[\\"\\",\\"dashboard\\"],\\"initialtree\\":[\\"\\",{\\"children\\":[\\"dashboard\\",{\\"children\\":[\\"__page__\\",{}]}]},\\"$undefined\\",\\"$undefined\\",true],\\"initialseeddata\\":[\\"\\",{\\"children\\":[\\"dashboard\\",{\\"children\\":[\\"__page__\\",{},[[\\"$l3\\",[\\"$\\",\\"$l4\\",null,{\\"props\\":{\\"params\\":{},\\"searchparams\\":{}},\\"component\\":\\"$5\\"}],null],null],null]},[null,[\\"$\\",\\"$l6\\",null,{\\"parallelrouterkey\\":\\"children\\",\\"segmentpath\\":[\\"children\\",\\"dashboard\\",\\"children\\"],\\"error\\":\\"$undefined\\",\\"errorstyles\\":\\"$undefined\\",\\"errorscripts\\":\\"$undefined\\",\\"template\\":[\\"$\\",\\"$l7\\",null,{}],\\"templatestyles\\":\\"$undefined\\",\\"templatescripts\\":\\"$undefined\\",\\"notfound\\":\\"$undefined\\",\\"notfoundstyles\\":\\"$undefined\\"}]],null]},[[[[\\"$\\",\\"link\\",\\"0\\",{\\"rel\\":\\"stylesheet\\",\\"href\\":\\"/_next/static/css/a6d6c043a14b6614.css\\",\\"precedence\\":\\"next\\",\\"crossorigin\\":\\"$undefined\\"}]],[\\"$\\",\\"html\\",null,{\\"lang\\":\\"en\\",\\"children\\":[[\\"$\\",\\"head\\",null,{\\"children\\":[[\\"$\\",\\"link\\",null,{\\"rel\\":\\"preconnect\\",\\"href\\":\\"https://fonts.googleapis.com\\"}],[\\"$\\",\\"link\\",null,{\\"rel\\":\\"preconnect\\",\\"href\\":\\"https://fonts.gstatic.com\\",\\"crossorigin\\":\\"anonymous\\"}],[\\"$\\",\\"link\\",null,{\\"href\\":\\"https://fonts.googleapis.com/css2?family=roboto:wght@300;400;500;700\\u0026display=swap\\",\\"rel\\":\\"stylesheet\\"}]]}],[\\"$\\",\\"body\\",null,{\\"classname\\":\\"min-h-screen bg-background\\",\\"children\\":[\\"$\\",\\"$l8\\",null,{\\"children\\":[\\"$\\",\\"div\\",null,{\\"classname\\":\\"min-h-screen flex flex-col\\",\\"children\\":[[\\"$\\",\\"$l9\\",null,{}],[\\"$\\",\\"main\\",null,{\\"classname\\":\\"flex-1 py-4 sm:py-6\\",\\"children\\":[\\"$\\",\\"div\\",null,{\\"classname\\":\\"max-w-7xl mx-auto px-4 sm:px-6 lg:px-8\\",\\"children\\":[\\"$\\",\\"$l6\\",null,{\\"parallelrouterkey\\":\\"children\\",\\"segmentpath\\":[\\"children\\"],\\"error\\":\\"$undefined\\",\\"errorstyles\\":\\"$undefined\\",\\"errorscripts\\":\\"$undefined\\",\\"template\\":[\\"$\\",\\"$l7\\",null,{}],\\"templatestyles\\":\\"$undefined\\",\\"templatescripts\\":\\"$undefined\\",\\"notfound\\":[[\\"$\\",\\"title\\",null,{\\"children\\":\\"404: this page could not be found.\\"}],[\\"$\\",\\"div\\",null,{\\"style\\":{\\"fontfamily\\":\\"system-ui,\\\\\\"segoe ui\\\\\\",roboto,helvetica,arial,sans-serif,\\\\\\"apple color emoji\\\\\\",\\\\\\"segoe ui emoji\\\\\\"\\",\\"height\\":\\"100vh\\",\\"textalign\\":\\"center\\",\\"display\\":\\"flex\\",\\"flexdirection\\":\\"column\\",\\"alignitems\\":\\"center\\",\\"justifycontent\\":\\"center\\"},\\"children\\":[\\"$\\",\\"div\\",null,{\\"children\\":[[\\"$\\",\\"style\\",null,{\\"dangerouslysetinnerhtml\\":{\\"__html\\":\\"body{color:#000;background:#fff;margin:0}.next-error-h1{border-right:1px solid rgba(0,0,0,.3)}@media (prefers-color-scheme:dark){body{color:#fff;background:#000}.next-error-h1{border-right:1px solid rgba(255,255,255,.3)}}\\"}}],[\\"$\\",\\"h1\\",null,{\\"classname\\":\\"next-error-h1\\",\\"style\\":{\\"display\\":\\"inline-block\\",\\"margin\\":\\"0 20px 0 0\\",\\"padding\\":\\"0 23px 0 0\\",\\"fontsize\\":24,\\"fontweight\\":500,\\"verticalalign\\":\\"top\\",\\"lineheight\\":\\"49px\\"},\\"children\\":\\"404\\"}],[\\"$\\",\\"div\\",null,{\\"style\\":{\\"display\\":\\"inline-block\\"},\\"children\\":[\\"$\\",\\"h2\\",null,{\\"style\\":{\\"fontsize\\":14,\\"fontweight\\":400,\\"lineheight\\":\\"49px\\",\\"margin\\":0},\\"children\\":\\"this page could not be found.\\"}]}]]}]}]],\\"notfoundstyles\\":[]}]}]}],[\\"$\\",\\"footer\\",null,{\\"classname\\":\\"py-4 border-t border-outline-variant\\",\\"children\\":[\\"$\\",\\"div\\",null,{\\"classname\\":\\"max-w-7xl mx-auto px-4 sm:px-6 lg:px-8\\",\\"children\\":[\\"$\\",\\"p\\",null,{\\"classname\\":\\"text-xs text-center text-gray-500\\",\\"children\\":\\"training optimization system\\"}]}]}]]}]}]}]]}]],null],null],\\"couldbeintercepted\\":false,\\"initialhead\\":[null,\\"$la\\"],\\"globalerrorcomponent\\":\\"$b\\",\\"missingslots\\":\\"$wc\\"}]\\n"])</script><script>self.__next_f.push([1,"a:[[\\"$\\",\\"meta\\",\\"0\\",{\\"name\\":\\"viewport\\",\\"content\\":\\"width=device-width, initial-scale=1\\"}],[\\"$\\",\\"meta\\",\\"1\\",{\\"name\\":\\"theme-color\\",\\"content\\":\\"#1976d2\\"}],[\\"$\\",\\"meta\\",\\"2\\",{\\"charset\\":\\"utf-8\\"}],[\\"$\\",\\"title\\",\\"3\\",{\\"children\\":\\"training dashboard\\"}],[\\"$\\",\\"meta\\",\\"4\\",{\\"name\\":\\"description\\",\\"content\\":\\"ai-powered training optimization system\\"}]]\\n3:null\\n"])</script><div style="font-family: system-ui, &quot;segoe ui&quot;, roboto, helvetica, arial, sans-serif, &quot;apple color emoji&quot;, &quot;segoe ui emoji&quot;; height: 100vh; text-align: center; display: flex; flex-direction: column; align-items: center; justify-content: center;"><div><h2 style="font-size: 14px; font-weight: 400; line-height: 28px; margin: 0px 8px;">application error: a client-side exception has occurred (see the browser console for more information).</h2></div></div></body></html>')
FAILED tests/e2e/test_phase_a_frontend.py::TestDashboardWidgets::test_this_week_widget[chromium] - AssertionError: This Week widget not found
assert False
FAILED tests/e2e/test_phase_a_frontend.py::TestDashboardWidgets::test_plan_changes_widget[chromium] - AssertionError: Plan Changes widget not found
assert False
FAILED tests/e2e/test_phase_a_frontend.py::TestDashboardWidgets::test_sleep_last_night_widget[chromium] - AssertionError: Sleep Last Night widget not found
assert False
FAILED tests/e2e/test_phase_a_frontend.py::TestPlanAdjustmentsPage::test_latest_review_displays[chromium] - AssertionError: Latest review section not found
assert False
FAILED tests/e2e/test_phase_a_frontend.py::TestUpcomingPage::test_empty_state_displays[chromium] - AssertionError: Neither workouts nor empty state found
assert (False or False)
FAILED tests/e2e/test_phase_a_frontend.py::TestUserWorkflows::test_workflow_check_daily_dashboard[chromium] - AssertionError: Today's Plan not found
assert 'today' in '<!doctype html><html id="__next_error__"><head><link rel="stylesheet" href="/_next/static/css/a6d6c043a14b6614.css" data-precedence="next"><script src="/_next/static/chunks/fd9d1056-d6d0ffcbea477a37.js" async=""></script><script src="/_next/static/chunks/117-ed26d89af1deb24f.js" async=""></script><script src="/_next/static/chunks/main-app-f1a455f1c1f7388d.js" async=""></script><script src="/_next/static/chunks/10-d9ca228e107a04b7.js" async=""></script><script src="/_next/static/chunks/713-f7642549cd567575.js" async=""></script><script src="/_next/static/chunks/514-3798721116e2396b.js" async=""></script><script src="/_next/static/chunks/131-8d8ddb23142931b4.js" async=""></script><script src="/_next/static/chunks/app/dashboard/page-fe04a1293ff4a1d2.js" async=""></script><script src="/_next/static/chunks/app/layout-5704fdb808d55be6.js" async=""></script><script src="/_next/static/chunks/polyfills-42372ed130431b0a.js" nomodule=""></script></head><body><script src="/_next/static/chunks/webpack-e08da262b32814b6.js" async=""></script><script>(self.__next_f=self.__next_f||[]).push([0]);self.__next_f.push([2,null])</script><script>self.__next_f.push([1,"1:hl[\\"/_next/static/css/a6d6c043a14b6614.css\\",\\"style\\"]\\n"])</script><script>self.__next_f.push([1,"2:i[12846,[],\\"\\"]\\n4:i[19107,[],\\"clientpageroot\\"]\\n5:i[22651,[\\"10\\",\\"static/chunks/10-d9ca228e107a04b7.js\\",\\"713\\",\\"static/chunks/713-f7642549cd567575.js\\",\\"514\\",\\"static/chunks/514-3798721116e2396b.js\\",\\"131\\",\\"static/chunks/131-8d8ddb23142931b4.js\\",\\"702\\",\\"static/chunks/app/dashboard/page-fe04a1293ff4a1d2.js\\"],\\"default\\",1]\\n6:i[4707,[],\\"\\"]\\n7:i[36423,[],\\"\\"]\\n8:i[62528,[\\"10\\",\\"static/chunks/10-d9ca228e107a04b7.js\\",\\"185\\",\\"static/chunks/app/layout-5704fdb808d55be6.js\\"],\\"providers\\"]\\n9:i[87369,[\\"10\\",\\"static/chunks/10-d9ca228e107a04b7.js\\",\\"185\\",\\"static/chunks/app/layout-5704fdb808d55be6.js\\"],\\"navigation\\"]\\nb:i[61060,[],\\"\\"]\\nc:[]\\n"])</script><script>self.__next_f.push([1,"0:[\\"$\\",\\"$l2\\",null,{\\"buildid\\":\\"1wqyo6ff4nzpx32uaoz1g\\",\\"assetprefix\\":\\"\\",\\"urlparts\\":[\\"\\",\\"dashboard\\"],\\"initialtree\\":[\\"\\",{\\"children\\":[\\"dashboard\\",{\\"children\\":[\\"__page__\\",{}]}]},\\"$undefined\\",\\"$undefined\\",true],\\"initialseeddata\\":[\\"\\",{\\"children\\":[\\"dashboard\\",{\\"children\\":[\\"__page__\\",{},[[\\"$l3\\",[\\"$\\",\\"$l4\\",null,{\\"props\\":{\\"params\\":{},\\"searchparams\\":{}},\\"component\\":\\"$5\\"}],null],null],null]},[null,[\\"$\\",\\"$l6\\",null,{\\"parallelrouterkey\\":\\"children\\",\\"segmentpath\\":[\\"children\\",\\"dashboard\\",\\"children\\"],\\"error\\":\\"$undefined\\",\\"errorstyles\\":\\"$undefined\\",\\"errorscripts\\":\\"$undefined\\",\\"template\\":[\\"$\\",\\"$l7\\",null,{}],\\"templatestyles\\":\\"$undefined\\",\\"templatescripts\\":\\"$undefined\\",\\"notfound\\":\\"$undefined\\",\\"notfoundstyles\\":\\"$undefined\\"}]],null]},[[[[\\"$\\",\\"link\\",\\"0\\",{\\"rel\\":\\"stylesheet\\",\\"href\\":\\"/_next/static/css/a6d6c043a14b6614.css\\",\\"precedence\\":\\"next\\",\\"crossorigin\\":\\"$undefined\\"}]],[\\"$\\",\\"html\\",null,{\\"lang\\":\\"en\\",\\"children\\":[[\\"$\\",\\"head\\",null,{\\"children\\":[[\\"$\\",\\"link\\",null,{\\"rel\\":\\"preconnect\\",\\"href\\":\\"https://fonts.googleapis.com\\"}],[\\"$\\",\\"link\\",null,{\\"rel\\":\\"preconnect\\",\\"href\\":\\"https://fonts.gstatic.com\\",\\"crossorigin\\":\\"anonymous\\"}],[\\"$\\",\\"link\\",null,{\\"href\\":\\"https://fonts.googleapis.com/css2?family=roboto:wght@300;400;500;700\\u0026display=swap\\",\\"rel\\":\\"stylesheet\\"}]]}],[\\"$\\",\\"body\\",null,{\\"classname\\":\\"min-h-screen bg-background\\",\\"children\\":[\\"$\\",\\"$l8\\",null,{\\"children\\":[\\"$\\",\\"div\\",null,{\\"classname\\":\\"min-h-screen flex flex-col\\",\\"children\\":[[\\"$\\",\\"$l9\\",null,{}],[\\"$\\",\\"main\\",null,{\\"classname\\":\\"flex-1 py-4 sm:py-6\\",\\"children\\":[\\"$\\",\\"div\\",null,{\\"classname\\":\\"max-w-7xl mx-auto px-4 sm:px-6 lg:px-8\\",\\"children\\":[\\"$\\",\\"$l6\\",null,{\\"parallelrouterkey\\":\\"children\\",\\"segmentpath\\":[\\"children\\"],\\"error\\":\\"$undefined\\",\\"errorstyles\\":\\"$undefined\\",\\"errorscripts\\":\\"$undefined\\",\\"template\\":[\\"$\\",\\"$l7\\",null,{}],\\"templatestyles\\":\\"$undefined\\",\\"templatescripts\\":\\"$undefined\\",\\"notfound\\":[[\\"$\\",\\"title\\",null,{\\"children\\":\\"404: this page could not be found.\\"}],[\\"$\\",\\"div\\",null,{\\"style\\":{\\"fontfamily\\":\\"system-ui,\\\\\\"segoe ui\\\\\\",roboto,helvetica,arial,sans-serif,\\\\\\"apple color emoji\\\\\\",\\\\\\"segoe ui emoji\\\\\\"\\",\\"height\\":\\"100vh\\",\\"textalign\\":\\"center\\",\\"display\\":\\"flex\\",\\"flexdirection\\":\\"column\\",\\"alignitems\\":\\"center\\",\\"justifycontent\\":\\"center\\"},\\"children\\":[\\"$\\",\\"div\\",null,{\\"children\\":[[\\"$\\",\\"style\\",null,{\\"dangerouslysetinnerhtml\\":{\\"__html\\":\\"body{color:#000;background:#fff;margin:0}.next-error-h1{border-right:1px solid rgba(0,0,0,.3)}@media (prefers-color-scheme:dark){body{color:#fff;background:#000}.next-error-h1{border-right:1px solid rgba(255,255,255,.3)}}\\"}}],[\\"$\\",\\"h1\\",null,{\\"classname\\":\\"next-error-h1\\",\\"style\\":{\\"display\\":\\"inline-block\\",\\"margin\\":\\"0 20px 0 0\\",\\"padding\\":\\"0 23px 0 0\\",\\"fontsize\\":24,\\"fontweight\\":500,\\"verticalalign\\":\\"top\\",\\"lineheight\\":\\"49px\\"},\\"children\\":\\"404\\"}],[\\"$\\",\\"div\\",null,{\\"style\\":{\\"display\\":\\"inline-block\\"},\\"children\\":[\\"$\\",\\"h2\\",null,{\\"style\\":{\\"fontsize\\":14,\\"fontweight\\":400,\\"lineheight\\":\\"49px\\",\\"margin\\":0},\\"children\\":\\"this page could not be found.\\"}]}]]}]}]],\\"notfoundstyles\\":[]}]}]}],[\\"$\\",\\"footer\\",null,{\\"classname\\":\\"py-4 border-t border-outline-variant\\",\\"children\\":[\\"$\\",\\"div\\",null,{\\"classname\\":\\"max-w-7xl mx-auto px-4 sm:px-6 lg:px-8\\",\\"children\\":[\\"$\\",\\"p\\",null,{\\"classname\\":\\"text-xs text-center text-gray-500\\",\\"children\\":\\"training optimization system\\"}]}]}]]}]}]}]]}]],null],null],\\"couldbeintercepted\\":false,\\"initialhead\\":[null,\\"$la\\"],\\"globalerrorcomponent\\":\\"$b\\",\\"missingslots\\":\\"$wc\\"}]\\n"])</script><script>self.__next_f.push([1,"a:[[\\"$\\",\\"meta\\",\\"0\\",{\\"name\\":\\"viewport\\",\\"content\\":\\"width=device-width, initial-scale=1\\"}],[\\"$\\",\\"meta\\",\\"1\\",{\\"name\\":\\"theme-color\\",\\"content\\":\\"#1976d2\\"}],[\\"$\\",\\"meta\\",\\"2\\",{\\"charset\\":\\"utf-8\\"}],[\\"$\\",\\"title\\",\\"3\\",{\\"children\\":\\"training dashboard\\"}],[\\"$\\",\\"meta\\",\\"4\\",{\\"name\\":\\"description\\",\\"content\\":\\"ai-powered training optimization system\\"}]]\\n3:null\\n"])</script><div style="font-family: system-ui, &quot;segoe ui&quot;, roboto, helvetica, arial, sans-serif, &quot;apple color emoji&quot;, &quot;segoe ui emoji&quot;; height: 100vh; text-align: center; display: flex; flex-direction: column; align-items: center; justify-content: center;"><div><h2 style="font-size: 14px; font-weight: 400; line-height: 28px; margin: 0px 8px;">application error: a client-side exception has occurred (see the browser console for more information).</h2></div></div></body></html>'
FAILED tests/e2e/test_phase_a_frontend.py::TestUserWorkflows::test_workflow_check_upcoming_workouts[chromium] - AssertionError: No workout information found
assert (False or False)
FAILED tests/e2e/test_phase_a_frontend.py::TestDataConsistency::test_goals_match_dashboard[chromium] - AssertionError: Dashboard missing goals
assert 'goal' in '<!doctype html><html id="__next_error__"><head><link rel="stylesheet" href="/_next/static/css/a6d6c043a14b6614.css" data-precedence="next"><script src="/_next/static/chunks/fd9d1056-d6d0ffcbea477a37.js" async=""></script><script src="/_next/static/chunks/117-ed26d89af1deb24f.js" async=""></script><script src="/_next/static/chunks/main-app-f1a455f1c1f7388d.js" async=""></script><script src="/_next/static/chunks/10-d9ca228e107a04b7.js" async=""></script><script src="/_next/static/chunks/713-f7642549cd567575.js" async=""></script><script src="/_next/static/chunks/514-3798721116e2396b.js" async=""></script><script src="/_next/static/chunks/131-8d8ddb23142931b4.js" async=""></script><script src="/_next/static/chunks/app/dashboard/page-fe04a1293ff4a1d2.js" async=""></script><script src="/_next/static/chunks/app/layout-5704fdb808d55be6.js" async=""></script><script src="/_next/static/chunks/polyfills-42372ed130431b0a.js" nomodule=""></script></head><body><script src="/_next/static/chunks/webpack-e08da262b32814b6.js" async=""></script><script>(self.__next_f=self.__next_f||[]).push([0]);self.__next_f.push([2,null])</script><script>self.__next_f.push([1,"1:hl[\\"/_next/static/css/a6d6c043a14b6614.css\\",\\"style\\"]\\n"])</script><script>self.__next_f.push([1,"2:i[12846,[],\\"\\"]\\n4:i[19107,[],\\"clientpageroot\\"]\\n5:i[22651,[\\"10\\",\\"static/chunks/10-d9ca228e107a04b7.js\\",\\"713\\",\\"static/chunks/713-f7642549cd567575.js\\",\\"514\\",\\"static/chunks/514-3798721116e2396b.js\\",\\"131\\",\\"static/chunks/131-8d8ddb23142931b4.js\\",\\"702\\",\\"static/chunks/app/dashboard/page-fe04a1293ff4a1d2.js\\"],\\"default\\",1]\\n6:i[4707,[],\\"\\"]\\n7:i[36423,[],\\"\\"]\\n8:i[62528,[\\"10\\",\\"static/chunks/10-d9ca228e107a04b7.js\\",\\"185\\",\\"static/chunks/app/layout-5704fdb808d55be6.js\\"],\\"providers\\"]\\n9:i[87369,[\\"10\\",\\"static/chunks/10-d9ca228e107a04b7.js\\",\\"185\\",\\"static/chunks/app/layout-5704fdb808d55be6.js\\"],\\"navigation\\"]\\nb:i[61060,[],\\"\\"]\\nc:[]\\n"])</script><script>self.__next_f.push([1,"0:[\\"$\\",\\"$l2\\",null,{\\"buildid\\":\\"1wqyo6ff4nzpx32uaoz1g\\",\\"assetprefix\\":\\"\\",\\"urlparts\\":[\\"\\",\\"dashboard\\"],\\"initialtree\\":[\\"\\",{\\"children\\":[\\"dashboard\\",{\\"children\\":[\\"__page__\\",{}]}]},\\"$undefined\\",\\"$undefined\\",true],\\"initialseeddata\\":[\\"\\",{\\"children\\":[\\"dashboard\\",{\\"children\\":[\\"__page__\\",{},[[\\"$l3\\",[\\"$\\",\\"$l4\\",null,{\\"props\\":{\\"params\\":{},\\"searchparams\\":{}},\\"component\\":\\"$5\\"}],null],null],null]},[null,[\\"$\\",\\"$l6\\",null,{\\"parallelrouterkey\\":\\"children\\",\\"segmentpath\\":[\\"children\\",\\"dashboard\\",\\"children\\"],\\"error\\":\\"$undefined\\",\\"errorstyles\\":\\"$undefined\\",\\"errorscripts\\":\\"$undefined\\",\\"template\\":[\\"$\\",\\"$l7\\",null,{}],\\"templatestyles\\":\\"$undefined\\",\\"templatescripts\\":\\"$undefined\\",\\"notfound\\":\\"$undefined\\",\\"notfoundstyles\\":\\"$undefined\\"}]],null]},[[[[\\"$\\",\\"link\\",\\"0\\",{\\"rel\\":\\"stylesheet\\",\\"href\\":\\"/_next/static/css/a6d6c043a14b6614.css\\",\\"precedence\\":\\"next\\",\\"crossorigin\\":\\"$undefined\\"}]],[\\"$\\",\\"html\\",null,{\\"lang\\":\\"en\\",\\"children\\":[[\\"$\\",\\"head\\",null,{\\"children\\":[[\\"$\\",\\"link\\",null,{\\"rel\\":\\"preconnect\\",\\"href\\":\\"https://fonts.googleapis.com\\"}],[\\"$\\",\\"link\\",null,{\\"rel\\":\\"preconnect\\",\\"href\\":\\"https://fonts.gstatic.com\\",\\"crossorigin\\":\\"anonymous\\"}],[\\"$\\",\\"link\\",null,{\\"href\\":\\"https://fonts.googleapis.com/css2?family=roboto:wght@300;400;500;700\\u0026display=swap\\",\\"rel\\":\\"stylesheet\\"}]]}],[\\"$\\",\\"body\\",null,{\\"classname\\":\\"min-h-screen bg-background\\",\\"children\\":[\\"$\\",\\"$l8\\",null,{\\"children\\":[\\"$\\",\\"div\\",null,{\\"classname\\":\\"min-h-screen flex flex-col\\",\\"children\\":[[\\"$\\",\\"$l9\\",null,{}],[\\"$\\",\\"main\\",null,{\\"classname\\":\\"flex-1 py-4 sm:py-6\\",\\"children\\":[\\"$\\",\\"div\\",null,{\\"classname\\":\\"max-w-7xl mx-auto px-4 sm:px-6 lg:px-8\\",\\"children\\":[\\"$\\",\\"$l6\\",null,{\\"parallelrouterkey\\":\\"children\\",\\"segmentpath\\":[\\"children\\"],\\"error\\":\\"$undefined\\",\\"errorstyles\\":\\"$undefined\\",\\"errorscripts\\":\\"$undefined\\",\\"template\\":[\\"$\\",\\"$l7\\",null,{}],\\"templatestyles\\":\\"$undefined\\",\\"templatescripts\\":\\"$undefined\\",\\"notfound\\":[[\\"$\\",\\"title\\",null,{\\"children\\":\\"404: this page could not be found.\\"}],[\\"$\\",\\"div\\",null,{\\"style\\":{\\"fontfamily\\":\\"system-ui,\\\\\\"segoe ui\\\\\\",roboto,helvetica,arial,sans-serif,\\\\\\"apple color emoji\\\\\\",\\\\\\"segoe ui emoji\\\\\\"\\",\\"height\\":\\"100vh\\",\\"textalign\\":\\"center\\",\\"display\\":\\"flex\\",\\"flexdirection\\":\\"column\\",\\"alignitems\\":\\"center\\",\\"justifycontent\\":\\"center\\"},\\"children\\":[\\"$\\",\\"div\\",null,{\\"children\\":[[\\"$\\",\\"style\\",null,{\\"dangerouslysetinnerhtml\\":{\\"__html\\":\\"body{color:#000;background:#fff;margin:0}.next-error-h1{border-right:1px solid rgba(0,0,0,.3)}@media (prefers-color-scheme:dark){body{color:#fff;background:#000}.next-error-h1{border-right:1px solid rgba(255,255,255,.3)}}\\"}}],[\\"$\\",\\"h1\\",null,{\\"classname\\":\\"next-error-h1\\",\\"style\\":{\\"display\\":\\"inline-block\\",\\"margin\\":\\"0 20px 0 0\\",\\"padding\\":\\"0 23px 0 0\\",\\"fontsize\\":24,\\"fontweight\\":500,\\"verticalalign\\":\\"top\\",\\"lineheight\\":\\"49px\\"},\\"children\\":\\"404\\"}],[\\"$\\",\\"div\\",null,{\\"style\\":{\\"display\\":\\"inline-block\\"},\\"children\\":[\\"$\\",\\"h2\\",null,{\\"style\\":{\\"fontsize\\":14,\\"fontweight\\":400,\\"lineheight\\":\\"49px\\",\\"margin\\":0},\\"children\\":\\"this page could not be found.\\"}]}]]}]}]],\\"notfoundstyles\\":[]}]}]}],[\\"$\\",\\"footer\\",null,{\\"classname\\":\\"py-4 border-t border-outline-variant\\",\\"children\\":[\\"$\\",\\"div\\",null,{\\"classname\\":\\"max-w-7xl mx-auto px-4 sm:px-6 lg:px-8\\",\\"children\\":[\\"$\\",\\"p\\",null,{\\"classname\\":\\"text-xs text-center text-gray-500\\",\\"children\\":\\"training optimization system\\"}]}]}]]}]}]}]]}]],null],null],\\"couldbeintercepted\\":false,\\"initialhead\\":[null,\\"$la\\"],\\"globalerrorcomponent\\":\\"$b\\",\\"missingslots\\":\\"$wc\\"}]\\n"])</script><script>self.__next_f.push([1,"a:[[\\"$\\",\\"meta\\",\\"0\\",{\\"name\\":\\"viewport\\",\\"content\\":\\"width=device-width, initial-scale=1\\"}],[\\"$\\",\\"meta\\",\\"1\\",{\\"name\\":\\"theme-color\\",\\"content\\":\\"#1976d2\\"}],[\\"$\\",\\"meta\\",\\"2\\",{\\"charset\\":\\"utf-8\\"}],[\\"$\\",\\"title\\",\\"3\\",{\\"children\\":\\"training dashboard\\"}],[\\"$\\",\\"meta\\",\\"4\\",{\\"name\\":\\"description\\",\\"content\\":\\"ai-powered training optimization system\\"}]]\\n3:null\\n"])</script><div style="font-family: system-ui, &quot;segoe ui&quot;, roboto, helvetica, arial, sans-serif, &quot;apple color emoji&quot;, &quot;segoe ui emoji&quot;; height: 100vh; text-align: center; display: flex; flex-direction: column; align-items: center; justify-content: center;"><div><h2 style="font-size: 14px; font-weight: 400; line-height: 28px; margin: 0px 8px;">application error: a client-side exception has occurred (see the browser console for more information).</h2></div></div></body></html>'
FAILED tests/e2e/test_phase_a_frontend.py::TestAccessibility::test_page_has_main_heading[chromium-/goals] - AssertionError: /goals missing h1 heading
assert 0 > 0
 +  where 0 = count()
 +    where count = <Locator frame=<Frame name= url='https://frontend-ryanwillgings-projects.vercel.app/goals'> selector='h1'>.count
FAILED tests/e2e/test_phase_a_frontend.py::TestAccessibility::test_page_has_main_heading[chromium-/explore] - AssertionError: /explore missing h1 heading
assert 0 > 0
 +  where 0 = count()
 +    where count = <Locator frame=<Frame name= url='https://frontend-ryanwillgings-projects.vercel.app/explore'> selector='h1'>.count
FAILED tests/e2e/test_phase_a_frontend.py::TestAccessibility::test_page_has_main_heading[chromium-/upcoming] - AssertionError: /upcoming missing h1 heading
assert 0 > 0
 +  where 0 = count()
 +    where count = <Locator frame=<Frame name= url='https://frontend-ryanwillgings-projects.vercel.app/upcoming'> selector='h1'>.count
=================== 15 failed, 56 passed in 74.96s (0:01:14) ===================
